f:\大三下\网络编程\repo\mfcapplication1\mfcapplication1\debug\vc142.pdb
f:\大三下\网络编程\repo\mfcapplication1\mfcapplication1\debug\vc142.idb
f:\大三下\网络编程\repo\mfcapplication1\mfcapplication1\debug\mfcapplication1.obj
f:\大三下\网络编程\repo\mfcapplication1\mfcapplication1\debug\ftpclient.obj
f:\大三下\网络编程\repo\mfcapplication1\mfcapplication1\debug\viewtree.obj
f:\大三下\网络编程\repo\mfcapplication1\mfcapplication1\debug\propertieswnd.obj
f:\大三下\网络编程\repo\mfcapplication1\mfcapplication1\debug\outputwnd.obj
f:\大三下\网络编程\repo\mfcapplication1\mfcapplication1\debug\mfcapplication1view.obj
f:\大三下\网络编程\repo\mfcapplication1\mfcapplication1\debug\mfcapplication1doc.obj
f:\大三下\网络编程\repo\mfcapplication1\mfcapplication1\debug\mainfrm.obj
f:\大三下\网络编程\repo\mfcapplication1\mfcapplication1\debug\fileview.obj
f:\大三下\网络编程\repo\mfcapplication1\mfcapplication1\debug\classview.obj
f:\大三下\网络编程\repo\mfcapplication1\mfcapplication1\debug\childfrm.obj
f:\大三下\网络编程\repo\mfcapplication1\mfcapplication1\debug\mfcapplication1.pch
f:\大三下\网络编程\repo\mfcapplication1\mfcapplication1\debug\pch.obj
f:\大三下\网络编程\repo\mfcapplication1\mfcapplication1\debug\rest.obj
f:\大三下\网络编程\repo\mfcapplication1\mfcapplication1\debug\removedir.obj
f:\大三下\网络编程\repo\mfcapplication1\mfcapplication1\debug\newdir.obj
f:\大三下\网络编程\repo\mfcapplication1\mfcapplication1\debug\aboutbox.obj
f:\大三下\网络编程\repo\mfcapplication1\debug\mfcapplication1.exe
f:\大三下\网络编程\repo\mfcapplication1\debug\mfcapplication1.ilk
f:\大三下\网络编程\repo\mfcapplication1\debug\mfcapplication1.pdb
f:\大三下\网络编程\repo\mfcapplication1\mfcapplication1\debug\mfcapplication1.res
f:\大三下\网络编程\repo\mfcapplication1\mfcapplication1\debug\mfcapplication1.tlog\cl.command.1.tlog
f:\大三下\网络编程\repo\mfcapplication1\mfcapplication1\debug\mfcapplication1.tlog\cl.read.1.tlog
f:\大三下\网络编程\repo\mfcapplication1\mfcapplication1\debug\mfcapplication1.tlog\cl.write.1.tlog
f:\大三下\网络编程\repo\mfcapplication1\mfcapplication1\debug\mfcapplication1.tlog\link.command.1.tlog
f:\大三下\网络编程\repo\mfcapplication1\mfcapplication1\debug\mfcapplication1.tlog\link.read.1.tlog
f:\大三下\网络编程\repo\mfcapplication1\mfcapplication1\debug\mfcapplication1.tlog\link.write.1.tlog
f:\大三下\网络编程\repo\mfcapplication1\mfcapplication1\debug\mfcapplication1.tlog\rc.command.1.tlog
f:\大三下\网络编程\repo\mfcapplication1\mfcapplication1\debug\mfcapplication1.tlog\rc.read.1.tlog
f:\大三下\网络编程\repo\mfcapplication1\mfcapplication1\debug\mfcapplication1.tlog\rc.write.1.tlog
